C:\USERS\MIK3\DOCUMENTS\GITHUB\GPROG_ASSIGMENT\STARLITPATH\DEBUG\STARLITPATH.EXE
C:\USERS\MIK3\DOCUMENTS\GITHUB\GPROG_ASSIGMENT\STARLITPATH\DEBUG\STARLITPATH.ILK
C:\USERS\MIK3\DOCUMENTS\GITHUB\GPROG_ASSIGMENT\STARLITPATH\DEBUG\STARLITPATH.PDB
C:\USERS\MIK3\DOCUMENTS\GITHUB\GPROG_ASSIGMENT\STARLITPATH\STARLITPATH\DEBUG\CCHARACTER.OBJ
C:\USERS\MIK3\DOCUMENTS\GITHUB\GPROG_ASSIGMENT\STARLITPATH\STARLITPATH\DEBUG\CD3DMANAGER.OBJ
C:\USERS\MIK3\DOCUMENTS\GITHUB\GPROG_ASSIGMENT\STARLITPATH\STARLITPATH\DEBUG\CD3DXFONT.OBJ
C:\USERS\MIK3\DOCUMENTS\GITHUB\GPROG_ASSIGMENT\STARLITPATH\STARLITPATH\DEBUG\CD3DXSPRITEMGR.OBJ
C:\USERS\MIK3\DOCUMENTS\GITHUB\GPROG_ASSIGMENT\STARLITPATH\STARLITPATH\DEBUG\CD3DXTEXTURE.OBJ
C:\Users\Mik3\Documents\GitHub\GProg_Assigment\StarlitPath\StarlitPath\Debug\cl.command.1.tlog
C:\Users\Mik3\Documents\GitHub\GProg_Assigment\StarlitPath\StarlitPath\Debug\CL.read.1.tlog
C:\Users\Mik3\Documents\GitHub\GProg_Assigment\StarlitPath\StarlitPath\Debug\CL.write.1.tlog
C:\USERS\MIK3\DOCUMENTS\GITHUB\GPROG_ASSIGMENT\STARLITPATH\STARLITPATH\DEBUG\CSPRITE.OBJ
C:\USERS\MIK3\DOCUMENTS\GITHUB\GPROG_ASSIGMENT\STARLITPATH\STARLITPATH\DEBUG\CXAUDIO.OBJ
C:\Users\Mik3\Documents\GitHub\GProg_Assigment\StarlitPath\StarlitPath\Debug\link.164.read.1.tlog
C:\Users\Mik3\Documents\GitHub\GProg_Assigment\StarlitPath\StarlitPath\Debug\link.164.read.2.tlog
C:\Users\Mik3\Documents\GitHub\GProg_Assigment\StarlitPath\StarlitPath\Debug\link.164.write.1.tlog
C:\Users\Mik3\Documents\GitHub\GProg_Assigment\StarlitPath\StarlitPath\Debug\link.1752.read.1.tlog
C:\Users\Mik3\Documents\GitHub\GProg_Assigment\StarlitPath\StarlitPath\Debug\link.1752.read.2.tlog
C:\Users\Mik3\Documents\GitHub\GProg_Assigment\StarlitPath\StarlitPath\Debug\link.1752.write.1.tlog
C:\Users\Mik3\Documents\GitHub\GProg_Assigment\StarlitPath\StarlitPath\Debug\link.5516.read.1.tlog
C:\Users\Mik3\Documents\GitHub\GProg_Assigment\StarlitPath\StarlitPath\Debug\link.5516.read.2.tlog
C:\Users\Mik3\Documents\GitHub\GProg_Assigment\StarlitPath\StarlitPath\Debug\link.5516.write.1.tlog
C:\Users\Mik3\Documents\GitHub\GProg_Assigment\StarlitPath\StarlitPath\Debug\link.command.1.tlog
C:\Users\Mik3\Documents\GitHub\GProg_Assigment\StarlitPath\StarlitPath\Debug\link.read.1.tlog
C:\Users\Mik3\Documents\GitHub\GProg_Assigment\StarlitPath\StarlitPath\Debug\link.read.2.tlog
C:\Users\Mik3\Documents\GitHub\GProg_Assigment\StarlitPath\StarlitPath\Debug\link.write.1.tlog
C:\USERS\MIK3\DOCUMENTS\GITHUB\GPROG_ASSIGMENT\STARLITPATH\STARLITPATH\DEBUG\MAIN.OBJ
C:\USERS\MIK3\DOCUMENTS\GITHUB\GPROG_ASSIGMENT\STARLITPATH\STARLITPATH\DEBUG\SCENE.OBJ
C:\Users\Mik3\Documents\GitHub\GProg_Assigment\StarlitPath\StarlitPath\Debug\vc100.idb
C:\USERS\MIK3\DOCUMENTS\GITHUB\GPROG_ASSIGMENT\STARLITPATH\STARLITPATH\DEBUG\VC100.PDB
